<?xml version="1.0" encoding="UTF-8"?>
<testng-results ignored="0" total="1" passed="1" failed="0" skipped="0">
  <reporter-output>
  </reporter-output>
  <suite started-at="2023-07-31T17:33:05 IST" name="Default suite" finished-at="2023-07-31T17:33:05 IST" duration-ms="42">
    <groups>
    </groups>
    <test started-at="2023-07-31T17:33:05 IST" name="Default test" finished-at="2023-07-31T17:33:05 IST" duration-ms="42">
      <class name="Streams">
        <test-method signature="streamMap()[pri:0, instance:Streams@48f278eb]" started-at="2023-07-31T17:33:05 IST" name="streamMap" finished-at="2023-07-31T17:33:05 IST" duration-ms="10" status="PASS">
          <reporter-output>
          </reporter-output>
        </test-method> <!-- streamMap -->
      </class> <!-- Streams -->
    </test> <!-- Default test -->
  </suite> <!-- Default suite -->
</testng-results>
